'19-11-2020_0:30:31 :: New user connected (::1)'
'19-11-2020_0:30:32 :: New user connected (::1)'
'19-11-2020_0:30:37 :: New user connected (::1)'
'19-11-2020_0:30:37 :: ::1 changes Names to: user2'
'19-11-2020_0:30:42 :: ::1 changes Names to: chibbi'
'19-11-2020_0:30:47 :: ::1 changes Names to: user2'
'19-11-2020_0:31:0 :: ::1 changes Names to: chibbi'
'19-11-2020_0:32:16 :: New user connected (::ffff:178.9.232.46)'
'19-11-2020_0:32:16 :: ::ffff:178.9.232.46 changes Names to: Randy1'
'19-11-2020_0:32:19 :: ::ffff:178.9.232.46 changes Names to: Randy'
'19-11-2020_0:37:16 :: New user connected (::1)'
'19-11-2020_0:37:16 :: ::1 changes Names to: chibbi'
'19-11-2020_0:37:37 :: New user connected (::ffff:178.9.232.46)'
'19-11-2020_0:37:37 :: ::ffff:178.9.232.46 changes Names to: Randy'
'19-11-2020_0:37:44 :: New user connected (::1)'
'19-11-2020_0:37:44 :: ::1 changes Names to: chibbi'
'19-11-2020_0:43:38 :: New user connected (::1)'
'19-11-2020_0:43:38 :: New user connected (::ffff:178.9.232.46)'
'19-11-2020_0:43:44 :: New user connected (::1)'
'19-11-2020_0:43:44 :: ::1 changes Names to: chibbi'
'19-11-2020_0:43:48 :: New user connected (::ffff:178.9.232.46)'
'19-11-2020_0:43:48 :: ::ffff:178.9.232.46 changes Names to: Randy'
'19-11-2020_0:44:40 :: New user connected (::1)'
'19-11-2020_0:44:40 :: ::1 changes Names to: chibbi'
'19-11-2020_0:45:1 :: New user connected (::1)'
'19-11-2020_0:45:1 :: ::1 changes Names to: chibbi'
'19-11-2020_0:48:16 :: New user connected (::1)'
'19-11-2020_0:48:16 :: ::1 changes Names to: chibbi'
'19-11-2020_0:48:49 :: New user connected (::1)'
'19-11-2020_0:48:49 :: ::1 changes Names to: chibbi'
'19-11-2020_0:48:52 :: New user connected (::1)'
'19-11-2020_0:49:15 :: New user connected (::1)'
'19-11-2020_0:49:36 :: New user connected (::1)'
'19-11-2020_0:49:36 :: ::1 changes Names to: chibbi'
'19-11-2020_0:50:20 :: New user connected (::1)'
'19-11-2020_0:50:20 :: ::1 changes Names to: chibbi'
'19-11-2020_0:50:50 :: New user connected (::1)'
'19-11-2020_0:51:0 :: New user connected (::1)'
'19-11-2020_0:51:9 :: New user connected (::1)'
'19-11-2020_0:51:9 :: ::1 changes Names to: chibbi'
'19-11-2020_0:55:37 :: New user connected (::1)'
'19-11-2020_0:55:43 :: New user connected (::1)'
'19-11-2020_0:55:43 :: ::1 changes Names to: chibbi'
'19-11-2020_0:58:14 :: New user connected (::1)'
'19-11-2020_0:58:23 :: New user connected (::1)'
'19-11-2020_0:58:23 :: ::1 changes Names to: chibbi'
'19-11-2020_0:58:40 :: New user connected (::1)'
'19-11-2020_0:58:40 :: ::1 changes Names to: chibbi'
'19-11-2020_0:58:55 :: New user connected (::1)'
'19-11-2020_0:58:56 :: New user connected (::1)'
'19-11-2020_0:58:56 :: ::1 changes Names to: chibbi'
'19-11-2020_0:58:57 :: New user connected (::1)'
'19-11-2020_0:58:57 :: ::1 changes Names to: chibbi'
'19-11-2020_0:59:46 :: New user connected (::1)'
'19-11-2020_0:59:53 :: New user connected (::1)'
'19-11-2020_0:59:53 :: ::1 changes Names to: chibbi'
'19-11-2020_01:03:41 :: New user connected (::1)'
'19-11-2020_01:03:48 :: New user connected (::1)'
'19-11-2020_01:03:48 :: ::1 changes Names to: chibbi'
'19-11-2020_01:05:29 :: New user connected (::1)'
'19-11-2020_01:05:29 :: ::1 changes Names to: chibbi'
'19-11-2020_01:06:27 :: New user connected (::1)'
'19-11-2020_01:06:28 :: New user connected (::1)'
'19-11-2020_01:06:28 :: ::1 changes Names to: chibbi'
'19-11-2020_01:22:55 :: reloaded Databases'
'19-11-2020_01:24:18 :: saved Databases'
'19-11-2020_01:24:18 :: reloaded Databases'
'19-11-2020_01:24:22 :: New user connected (::1)'
'19-11-2020_01:26:36 :: reloaded Databases'
'19-11-2020_01:26:36 :: saved Databases'
'19-11-2020_01:26:37 :: New user connected (::1)'
'19-11-2020_01:26:37 :: saved Databases'
'19-11-2020_01:26:38 :: saved Databases'
'19-11-2020_01:26:39 :: saved Databases'
'19-11-2020_01:26:40 :: saved Databases'
'19-11-2020_01:26:49 :: reloaded Databases'
'19-11-2020_01:26:49 :: saved Databases'
'19-11-2020_01:26:50 :: New user connected (::1)'
'19-11-2020_01:27:09 :: New user connected (::1)'
'19-11-2020_01:27:09 :: ::1 changes Names to: chibbi'
'19-11-2020_01:27:49 :: saved Databases'
'19-11-2020_01:28:52 :: reloaded Databases'
'19-11-2020_01:28:52 :: saved Databases'
'19-11-2020_01:28:56 :: New user connected (::1)'
'19-11-2020_01:29:01 :: New user connected (::1)'
'19-11-2020_01:29:01 :: ::1 changes Names to: chibbi'
'19-11-2020_01:29:52 :: saved Databases'
'19-11-2020_01:30:52 :: saved Databases'
'19-11-2020_01:32:35 :: reloaded Databases'
'19-11-2020_01:32:35 :: saved Databases'
'19-11-2020_01:32:37 :: New user connected (::1)'
'19-11-2020_01:32:37 :: ::1 changes Names to: chibbi'
'19-11-2020_01:33:08 :: reloaded Databases'
'19-11-2020_01:33:08 :: saved Databases'
'19-11-2020_01:33:10 :: New user connected (::1)'
'19-11-2020_01:33:12 :: New user connected (::1)'
'19-11-2020_01:33:12 :: ::1 changes Names to: chibbi'
'19-11-2020_01:34:08 :: saved Databases'
'19-11-2020_01:35:15 :: reloaded Databases'
'19-11-2020_01:35:18 :: New user connected (::1)'
'19-11-2020_01:35:22 :: New user connected (::1)'
'19-11-2020_01:35:22 :: ::1 changes Names to: chibbi'
'19-11-2020_01:36:15 :: saved Databases'
'19-11-2020_01:37:15 :: saved Databases'
'19-11-2020_01:38:15 :: saved Databases'
'19-11-2020_01:39:15 :: saved Databases'
'19-11-2020_01:40:15 :: saved Databases'
'19-11-2020_01:40:48 :: New user connected (::1)'
'19-11-2020_01:40:48 :: ::1 changes Names to: chibbi'
'19-11-2020_01:41:11 :: reloaded Databases'
'19-11-2020_01:41:12 :: New user connected (::1)'
'19-11-2020_01:41:53 :: New user connected (::1)'
'19-11-2020_01:41:53 :: ::1 changes Names to: chibbi'
'19-11-2020_01:42:11 :: saved Databases'
'19-11-2020_01:42:21 :: New user connected (::1)'
'19-11-2020_01:42:21 :: ::1 changes Names to: chibbi'
'19-11-2020_01:42:53 :: reloaded Databases'
'19-11-2020_01:42:55 :: New user connected (::1)'
'19-11-2020_01:43:13 :: New user connected (::1)'
'19-11-2020_01:43:13 :: ::1 changes Names to: chibbi'
'19-11-2020_01:43:53 :: saved Databases'
'19-11-2020_01:44:53 :: saved Databases'
'19-11-2020_01:45:34 :: New user connected (::1)'
'19-11-2020_01:45:34 :: ::1 changes Names to: chibbi'
'19-11-2020_01:45:37 :: reloaded Databases'
'19-11-2020_01:45:39 :: New user connected (::1)'
'19-11-2020_01:45:50 :: reloaded Databases'
'19-11-2020_01:45:50 :: New user connected (::1)'
'19-11-2020_01:45:55 :: New user connected (::1)'
'19-11-2020_01:45:55 :: ::1 changes Names to: chibbi'
'19-11-2020_01:46:06 :: reloaded Databases'
'19-11-2020_01:46:06 :: New user connected (::1)'
'19-11-2020_01:46:41 :: reloaded Databases'
'19-11-2020_01:46:42 :: New user connected (::1)'
'19-11-2020_01:46:47 :: New user connected (::1)'
'19-11-2020_01:46:47 :: ::1 changes Names to: chibbi'
'19-11-2020_01:47:06 :: reloaded Databases'
'19-11-2020_01:47:08 :: New user connected (::1)'
'19-11-2020_01:47:08 :: ::1 changes Names to: chibbi'
'19-11-2020_01:47:11 :: reloaded Databases'
'19-11-2020_01:47:13 :: New user connected (::1)'
'19-11-2020_01:47:41 :: reloaded Databases'
'19-11-2020_01:47:41 :: New user connected (::1)'
'19-11-2020_01:47:41 :: ::1 changes Names to: chibbi'
'19-11-2020_01:47:49 :: New user connected (::ffff:178.9.232.46)'
'19-11-2020_01:47:49 :: ::ffff:178.9.232.46 changes Names to: Randy'
'19-11-2020_01:47:49 :: ::ffff:178.9.232.46 changes Names to: Randy'
'19-11-2020_01:47:54 :: reloaded Databases'
'19-11-2020_01:47:54 :: New user connected (::ffff:178.9.232.46)'
'19-11-2020_01:47:54 :: ::ffff:178.9.232.46 changes Names to: Randy'
'19-11-2020_01:47:58 :: New user connected (::1)'
'19-11-2020_01:47:58 :: ::1 changes Names to: chibbi'
'19-11-2020_01:48:49 :: reloaded Databases'
'19-11-2020_01:48:49 :: New user connected (::ffff:178.9.232.46)'
'19-11-2020_01:48:49 :: New user connected (::1)'
'19-11-2020_01:48:49 :: ::1 changes Names to: chibbi'
'19-11-2020_01:48:50 :: ::ffff:178.9.232.46 changes Names to: Randy'
'19-11-2020_01:49:49 :: saved Databases'
'19-11-2020_01:50:40 :: reloaded Databases'
'19-11-2020_01:50:41 :: New user connected (::1)'
'19-11-2020_01:50:41 :: ::1 changes Names to: chibbi'
'19-11-2020_01:50:41 :: New user connected (::ffff:178.9.232.46)'
'19-11-2020_01:50:41 :: ::ffff:178.9.232.46 changes Names to: Randy'
'19-11-2020_01:51:32 :: New user connected (::1)'
'19-11-2020_01:51:32 :: ::1 changes Names to: chibbi'
'19-11-2020_01:51:32 :: ::1 changes Names to: chibbi'
'19-11-2020_01:51:40 :: saved Databases'
'19-11-2020_01:51:49 :: New user connected (::1)'
'19-11-2020_01:51:49 :: ::1 changes Names to: chibbi'
'19-11-2020_01:51:49 :: ::1 changes Names to: chibbi'
'19-11-2020_01:51:51 :: New user connected (::1)'
'19-11-2020_01:51:51 :: ::1 changes Names to: chibbi'
'19-11-2020_01:51:51 :: ::1 changes Names to: chibbi'
'19-11-2020_01:52:32 :: reloaded Databases'
'19-11-2020_01:52:33 :: New user connected (::1)'
'19-11-2020_01:52:33 :: ::1 changes Names to: chibbi'
'19-11-2020_01:52:35 :: New user connected (::ffff:178.9.232.46)'
'19-11-2020_01:52:35 :: ::ffff:178.9.232.46 changes Names to: Randy'
'19-11-2020_01:52:35 :: New user connected (::1)'
'19-11-2020_01:52:35 :: ::1 changes Names to: chibbi'
'19-11-2020_01:52:35 :: ::1 changes Names to: chibbi'
'19-11-2020_01:53:12 :: reloaded Databases'
'19-11-2020_01:53:12 :: New user connected (::1)'
'19-11-2020_01:53:12 :: ::1 changes Names to: chibbi'
'19-11-2020_01:53:13 :: New user connected (::ffff:178.9.232.46)'
'19-11-2020_01:53:13 :: ::ffff:178.9.232.46 changes Names to: Randy'
'19-11-2020_01:53:16 :: New user connected (::1)'
'19-11-2020_01:53:16 :: ::1 changes Names to: chibbi'
'19-11-2020_01:53:17 :: New user connected (::1)'
'19-11-2020_01:53:17 :: ::1 changes Names to: chibbi'
'19-11-2020_01:53:18 :: New user connected (::1)'
'19-11-2020_01:53:18 :: ::1 changes Names to: chibbi'
'19-11-2020_01:53:19 :: New user connected (::1)'
'19-11-2020_01:53:19 :: ::1 changes Names to: chibbi'
'19-11-2020_01:53:20 :: New user connected (::1)'
'19-11-2020_01:53:20 :: ::1 changes Names to: chibbi'
'19-11-2020_01:53:22 :: New user connected (::1)'
'19-11-2020_01:53:22 :: ::1 changes Names to: chibbi'
'19-11-2020_01:53:25 :: reloaded Databases'
'19-11-2020_01:53:25 :: New user connected (::ffff:178.9.232.46)'
'19-11-2020_01:53:25 :: ::ffff:178.9.232.46 changes Names to: Randy'
'19-11-2020_01:53:25 :: New user connected (::1)'
'19-11-2020_01:53:25 :: ::1 changes Names to: chibbi'
'19-11-2020_01:53:32 :: New user connected (::1)'
'19-11-2020_01:53:32 :: ::1 changes Names to: chibbi'
'19-11-2020_01:53:39 :: reloaded Databases'
'19-11-2020_01:53:40 :: New user connected (::1)'
'19-11-2020_01:53:40 :: ::1 changes Names to: chibbi'
'19-11-2020_01:54:31 :: reloaded Databases'
'19-11-2020_01:54:33 :: New user connected (::1)'
'19-11-2020_01:54:33 :: ::1 changes Names to: chibbi'
'19-11-2020_01:54:38 :: New user connected (::1)'
'19-11-2020_01:54:38 :: ::1 changes Names to: chibbi'
'19-11-2020_01:54:44 :: reloaded Databases'
'19-11-2020_01:54:44 :: New user connected (::1)'
'19-11-2020_01:54:44 :: ::1 changes Names to: chibbi'
'19-11-2020_01:54:52 :: New user connected (::1)'
'19-11-2020_01:54:52 :: ::1 changes Names to: chibbi'
'19-11-2020_01:55:31 :: reloaded Databases'
'19-11-2020_01:55:31 :: New user connected (::1)'
'19-11-2020_01:55:31 :: ::1 changes Names to: chibbi'
'19-11-2020_01:55:35 :: New user connected (::1)'
'19-11-2020_01:55:35 :: ::1 changes Names to: chibbi'
'19-11-2020_01:55:38 :: New user connected (::1)'
'19-11-2020_01:55:38 :: ::1 changes Names to: chibbi'
'19-11-2020_01:55:39 :: New user connected (::1)'
'19-11-2020_01:55:39 :: ::1 changes Names to: chibbi'
'19-11-2020_01:55:39 :: New user connected (::1)'
'19-11-2020_01:55:39 :: ::1 changes Names to: chibbi'
'19-11-2020_01:55:40 :: New user connected (::1)'
'19-11-2020_01:55:40 :: ::1 changes Names to: chibbi'
'19-11-2020_01:56:31 :: saved Databases'
'19-11-2020_01:57:31 :: saved Databases'
'19-11-2020_01:58:31 :: saved Databases'
'19-11-2020_01:59:31 :: saved Databases'
'19-11-2020_01:59:33 :: reloaded Databases'
'19-11-2020_01:59:33 :: New user connected (::1)'
'19-11-2020_01:59:33 :: ::1 changes Names to: chibbi'
'19-11-2020_01:59:43 :: reloaded Databases'
'19-11-2020_01:59:44 :: New user connected (::1)'
'19-11-2020_01:59:44 :: ::1 changes Names to: chibbi'
'19-11-2020_02:00:32 :: reloaded Databases'
'19-11-2020_02:00:34 :: New user connected (::1)'
'19-11-2020_02:00:34 :: ::1 changes Names to: chibbi'
'19-11-2020_02:01:32 :: saved Databases'
'19-11-2020_02:01:50 :: reloaded Databases'
'19-11-2020_02:01:53 :: New user connected (::1)'
'19-11-2020_02:01:53 :: ::1 changes Names to: chibbi'
'19-11-2020_02:02:50 :: saved Databases'
'19-11-2020_02:03:12 :: New user connected (::ffff:178.9.232.46)'
'19-11-2020_02:03:12 :: ::ffff:178.9.232.46 changes Names to: Randy'
'19-11-2020_02:03:50 :: saved Databases'
'19-11-2020_02:04:50 :: saved Databases'
'19-11-2020_02:05:50 :: saved Databases'
'19-11-2020_02:07:49 :: reloaded Databases'
'19-11-2020_02:14:28 :: reloaded Databases'
'19-11-2020_02:14:31 :: New user connected (::ffff:178.9.232.46)'
'19-11-2020_02:14:31 :: ::ffff:178.9.232.46 changes Names to: Randy'
'19-11-2020_02:14:32 :: New user connected (::1)'
'19-11-2020_02:15:04 :: reloaded Databases'
'19-11-2020_02:15:11 :: New user connected (::ffff:178.9.232.46)'
'19-11-2020_02:15:11 :: New user connected (::1)'
'19-11-2020_02:15:11 :: ::ffff:178.9.232.46 changes Names to: Randy'
'19-11-2020_02:15:11 :: ::1 changes Names to: chibbi'
'19-11-2020_02:15:43 :: reloaded Databases'
'19-11-2020_02:15:44 :: New user connected (::1)'
'19-11-2020_02:15:44 :: New user connected (::ffff:178.9.232.46)'
'19-11-2020_02:15:45 :: ::1 changes Names to: chibbi'
'19-11-2020_02:15:45 :: ::ffff:178.9.232.46 changes Names to: Randy'
'19-11-2020_02:15:57 :: reloaded Databases'
'19-11-2020_02:15:58 :: New user connected (::1)'
'19-11-2020_02:15:58 :: ::1 changes Names to: chibbi'
'19-11-2020_02:15:58 :: New user connected (::ffff:178.9.232.46)'
'19-11-2020_02:15:58 :: ::ffff:178.9.232.46 changes Names to: Randy'
'19-11-2020_02:16:14 :: reloaded Databases'
'19-11-2020_02:16:34 :: reloaded Databases'
'19-11-2020_02:17:45 :: reloaded Databases'
'19-11-2020_02:19:59 :: reloaded Databases'
'19-11-2020_02:20:07 :: reloaded Databases'
'19-11-2020_02:20:13 :: New user connected (::1)'
'19-11-2020_02:20:13 :: ::1 changes Names to: chibbi'
'19-11-2020_02:20:13 :: New user connected (::ffff:178.9.232.46)'
'19-11-2020_02:20:14 :: ::ffff:178.9.232.46 changes Names to: Randy'
'19-11-2020_02:20:59 :: reloaded Databases'
'19-11-2020_02:20:59 :: New user connected (::1)'
'19-11-2020_02:20:59 :: ::1 changes Names to: chibbi'
'19-11-2020_02:21:18 :: reloaded Databases'
'19-11-2020_02:21:19 :: New user connected (::1)'
'19-11-2020_02:21:19 :: ::1 changes Names to: chibbi'
'19-11-2020_02:21:37 :: reloaded Databases'
'19-11-2020_02:21:38 :: New user connected (::1)'
'19-11-2020_02:21:38 :: ::1 changes Names to: chibbi'
'19-11-2020_02:22:13 :: reloaded Databases'
'19-11-2020_02:22:14 :: New user connected (::1)'
'19-11-2020_02:22:14 :: ::1 changes Names to: chibbi'
'19-11-2020_02:22:34 :: reloaded Databases'
'19-11-2020_02:22:45 :: reloaded Databases'
'19-11-2020_02:23:21 :: reloaded Databases'
'19-11-2020_02:25:11 :: reloaded Databases'
'19-11-2020_02:25:36 :: reloaded Databases'
'19-11-2020_02:26:54 :: reloaded Databases'
'19-11-2020_02:28:42 :: reloaded Databases'
'19-11-2020_02:32:03 :: reloaded Databases'
'19-11-2020_02:33:09 :: reloaded Databases'
'19-11-2020_02:33:19 :: reloaded Databases'
'19-11-2020_02:33:25 :: New user connected (::1)'
'19-11-2020_02:33:25 :: ::1 changes Names to: chibbi'
'19-11-2020_02:34:19 :: saved Databases'
'19-11-2020_02:35:19 :: saved Databases'
'19-11-2020_02:36:19 :: saved Databases'
